<?xml version="1.0" encoding="UTF-8"?>
<!-- Generated by org.testng.reporters.JUnitReportReporter -->
<testsuite skipped="0" hostname="LAPTOP-95JK0H48" name="TestNGClasses.dataprovider.TestNG_DataProviders" tests="3" failures="0" timestamp="2021-12-20T14:11:58 COT" time="0.003" errors="0">
  <testcase name="testMethod1" time="0.001" classname="TestNGClasses.dataprovider.TestNG_DataProviders"/>
  <system-out/>
  <testcase name="testMethod1" time="0.001" classname="TestNGClasses.dataprovider.TestNG_DataProviders"/>
  <system-out/>
  <testcase name="testMethod1" time="0.001" classname="TestNGClasses.dataprovider.TestNG_DataProviders"/>
  <system-out/>
</testsuite> <!-- TestNGClasses.dataprovider.TestNG_DataProviders -->
