<?xml version="1.0" encoding="UTF-8"?>
<!-- Generated by org.testng.reporters.JUnitReportReporter -->
<testsuite skipped="0" hostname="LAPTOP-95JK0H48" name="basicweb.TestNG_TestCase" tests="1" failures="0" timestamp="2021-12-20T14:11:58 COT" time="0.005" errors="0">
  <testcase name="testMethod" time="0.005" classname="basicweb.TestNG_TestCase"/>
  <system-out/>
</testsuite> <!-- basicweb.TestNG_TestCase -->
