<?xml version="1.0" encoding="UTF-8"?>
<!-- Generated by org.testng.reporters.JUnitReportReporter -->
<testsuite skipped="0" hostname="LAPTOP-95JK0H48" name="TestNGClasses.parallel.TestNG_Parallel2" tests="2" failures="0" timestamp="2021-12-20T14:11:58 COT" time="12.002" errors="0">
  <testcase name="testMethod2" time="6.001" classname="TestNGClasses.parallel.TestNG_Parallel2"/>
  <system-out/>
  <testcase name="testMethod1" time="6.001" classname="TestNGClasses.parallel.TestNG_Parallel2"/>
  <system-out/>
</testsuite> <!-- TestNGClasses.parallel.TestNG_Parallel2 -->
