<?xml version="1.0" encoding="UTF-8"?>
<!-- Generated by org.testng.reporters.JUnitReportReporter -->
<testsuite skipped="0" hostname="LAPTOP-95JK0H48" name="TestNGClasses.TestNG_Preserve2" tests="2" failures="0" timestamp="2021-12-20T14:11:58 COT" time="0.031" errors="0">
  <testcase name="testMethod1" time="0.031" classname="TestNGClasses.TestNG_Preserve2"/>
  <system-out/>
  <testcase name="testMethod2" time="0.000" classname="TestNGClasses.TestNG_Preserve2"/>
  <system-out/>
</testsuite> <!-- TestNGClasses.TestNG_Preserve2 -->
