<?xml version="1.0" encoding="UTF-8"?>
<!-- Generated by org.testng.reporters.JUnitReportReporter -->
<testsuite skipped="0" hostname="LAPTOP-95JK0H48" name="TestNGClasses.TestNG_Grouping" tests="2" failures="0" timestamp="2021-12-20T15:15:55 COT" time="0.006" errors="0">
  <testcase name="testAudiA6" time="0.003" classname="TestNGClasses.TestNG_Grouping"/>
  <system-out/>
  <testcase name="testBMWX6" time="0.003" classname="TestNGClasses.TestNG_Grouping"/>
  <system-out/>
</testsuite> <!-- TestNGClasses.TestNG_Grouping -->
