<?xml version="1.0" encoding="UTF-8"?>
<!-- Generated by org.testng.reporters.JUnitReportReporter -->
<testsuite skipped="0" hostname="LAPTOP-95JK0H48" name="TestNGClasses.TestNG_Priority" tests="3" failures="0" timestamp="2021-12-20T14:11:58 COT" time="0.002" errors="0">
  <testcase name="testMethod3" time="0.001" classname="TestNGClasses.TestNG_Priority"/>
  <system-out/>
  <testcase name="testMethod2" time="0.000" classname="TestNGClasses.TestNG_Priority"/>
  <system-out/>
  <testcase name="testMethod1" time="0.001" classname="TestNGClasses.TestNG_Priority"/>
  <system-out/>
</testsuite> <!-- TestNGClasses.TestNG_Priority -->
