<?xml version="1.0" encoding="UTF-8"?>
<!-- Generated by org.testng.reporters.JUnitReportReporter -->
<testsuite skipped="0" hostname="LAPTOP-95JK0H48" name="TestNGClasses.TestNG_TestClass1" tests="2" failures="0" timestamp="2021-12-20T15:14:39 COT" time="0.014" errors="0">
  <testcase name="testMethod2" time="0.008" classname="TestNGClasses.TestNG_TestClass1"/>
  <system-out/>
  <testcase name="testMethod1" time="0.006" classname="TestNGClasses.TestNG_TestClass1"/>
  <system-out/>
</testsuite> <!-- TestNGClasses.TestNG_TestClass1 -->
