<?xml version="1.0" encoding="UTF-8"?>
<!-- Generated by org.testng.reporters.JUnitReportReporter -->
<testsuite skipped="0" hostname="LAPTOP-95JK0H48" name="TestNGClasses.TestNG_MethodClassAnnotations" tests="2" failures="0" timestamp="2021-12-20T14:11:58 COT" time="0.003" errors="0">
  <testcase name="testMethod1" time="0.001" classname="TestNGClasses.TestNG_MethodClassAnnotations"/>
  <system-out/>
  <testcase name="testMethod2" time="0.002" classname="TestNGClasses.TestNG_MethodClassAnnotations"/>
  <system-out/>
</testsuite> <!-- TestNGClasses.TestNG_MethodClassAnnotations -->
