<?xml version="1.0" encoding="UTF-8"?>
<!-- Generated by org.testng.reporters.JUnitReportReporter -->
<testsuite skipped="0" hostname="LAPTOP-95JK0H48" name="TestNGClasses.regression.TestNG_TestClass2" tests="2" failures="0" timestamp="2021-12-20T14:11:58 COT" time="0.005" errors="0">
  <testcase name="testMethod1" time="0.002" classname="TestNGClasses.regression.TestNG_TestClass2"/>
  <system-out/>
  <testcase name="testMethod2" time="0.003" classname="TestNGClasses.regression.TestNG_TestClass2"/>
  <system-out/>
</testsuite> <!-- TestNGClasses.regression.TestNG_TestClass2 -->
